
=== Decompiling zelres1 chunks ===
[1/120] Processing chunk_00...
  [FAIL] Failed to create chunk_00_decompiled.c
[2/120] Processing chunk_01...
  [FAIL] Failed to create chunk_01_decompiled.c
[3/120] Processing chunk_02...
  [FAIL] Failed to create chunk_02_decompiled.c
[4/120] Processing chunk_03...
  [FAIL] Failed to create chunk_03_decompiled.c
[5/120] Processing chunk_04...
  [FAIL] Failed to create chunk_04_decompiled.c
[6/120] Processing chunk_05...
  [FAIL] Failed to create chunk_05_decompiled.c
[7/120] Processing chunk_06...
  [FAIL] Failed to create chunk_06_decompiled.c
[8/120] Processing chunk_07...
  [FAIL] Failed to create chunk_07_decompiled.c
[9/120] Processing chunk_08...
  [FAIL] Failed to create chunk_08_decompiled.c
[10/120] Processing chunk_09...
  [FAIL] Failed to create chunk_09_decompiled.c
[11/120] Processing chunk_10...
  [FAIL] Failed to create chunk_10_decompiled.c
[12/120] Processing chunk_11...
  [FAIL] Failed to create chunk_11_decompiled.c
[13/120] Processing chunk_12...
  [FAIL] Failed to create chunk_12_decompiled.c
[14/120] Processing chunk_13...
  [FAIL] Failed to create chunk_13_decompiled.c
[15/120] Processing chunk_14...
  [FAIL] Failed to create chunk_14_decompiled.c
[16/120] Processing chunk_15...
  [FAIL] Failed to create chunk_15_decompiled.c
[17/120] Processing chunk_16...
  [FAIL] Failed to create chunk_16_decompiled.c
[18/120] Processing chunk_17...
  [FAIL] Failed to create chunk_17_decompiled.c
[19/120] Processing chunk_18...
  [FAIL] Failed to create chunk_18_decompiled.c
[20/120] Processing chunk_19...
  [FAIL] Failed to create chunk_19_decompiled.c
[21/120] Processing chunk_20...
  [FAIL] Failed to create chunk_20_decompiled.c
[22/120] Processing chunk_21...
  [FAIL] Failed to create chunk_21_decompiled.c
[23/120] Processing chunk_22...
  [FAIL] Failed to create chunk_22_decompiled.c
[24/120] Processing chunk_23...
  [FAIL] Failed to create chunk_23_decompiled.c
[25/120] Processing chunk_24...
  [FAIL] Failed to create chunk_24_decompiled.c
[26/120] Processing chunk_25...
  [FAIL] Failed to create chunk_25_decompiled.c
[27/120] Processing chunk_26...
  [FAIL] Failed to create chunk_26_decompiled.c
[28/120] Processing chunk_27...
  [FAIL] Failed to create chunk_27_decompiled.c
[29/120] Processing chunk_28...
  [FAIL] Failed to create chunk_28_decompiled.c
[30/120] Processing chunk_29...
  [FAIL] Failed to create chunk_29_decompiled.c
[31/120] Processing chunk_30...
  [FAIL] Failed to create chunk_30_decompiled.c
[32/120] Processing chunk_31...
  [FAIL] Failed to create chunk_31_decompiled.c
[33/120] Processing chunk_32...
  [FAIL] Failed to create chunk_32_decompiled.c
[34/120] Processing chunk_33...
  [FAIL] Failed to create chunk_33_decompiled.c
[35/120] Processing chunk_34...
  [FAIL] Failed to create chunk_34_decompiled.c
[36/120] Processing chunk_35...
  [FAIL] Failed to create chunk_35_decompiled.c
[37/120] Processing chunk_36...
  [FAIL] Failed to create chunk_36_decompiled.c
[38/120] Processing chunk_37...
  [FAIL] Failed to create chunk_37_decompiled.c
[39/120] Processing chunk_38...
  [FAIL] Failed to create chunk_38_decompiled.c
[40/120] Processing chunk_39...
  [FAIL] Failed to create chunk_39_decompiled.c

=== Decompiling zelres2 chunks ===
[41/120] Processing chunk_00...
  [FAIL] Failed to create chunk_00_decompiled.c
[42/120] Processing chunk_01...
  [FAIL] Failed to create chunk_01_decompiled.c
[43/120] Processing chunk_02...
  [FAIL] Failed to create chunk_02_decompiled.c
[44/120] Processing chunk_03...
  [FAIL] Failed to create chunk_03_decompiled.c
[45/120] Processing chunk_04...
  [FAIL] Failed to create chunk_04_decompiled.c
[46/120] Processing chunk_05...
  [FAIL] Failed to create chunk_05_decompiled.c
[47/120] Processing chunk_06...
  [FAIL] Failed to create chunk_06_decompiled.c
[48/120] Processing chunk_07...
  [FAIL] Failed to create chunk_07_decompiled.c
[49/120] Processing chunk_08...
  [FAIL] Failed to create chunk_08_decompiled.c
[50/120] Processing chunk_09...
  [FAIL] Failed to create chunk_09_decompiled.c
[51/120] Processing chunk_10...
  [FAIL] Failed to create chunk_10_decompiled.c
[52/120] Processing chunk_11...
  [FAIL] Failed to create chunk_11_decompiled.c
[53/120] Processing chunk_12...
  [FAIL] Failed to create chunk_12_decompiled.c
[54/120] Processing chunk_13...
  [FAIL] Failed to create chunk_13_decompiled.c
[55/120] Processing chunk_14...
  [FAIL] Failed to create chunk_14_decompiled.c
[56/120] Processing chunk_15...
  [FAIL] Failed to create chunk_15_decompiled.c
[57/120] Processing chunk_16...
  [FAIL] Failed to create chunk_16_decompiled.c
[58/120] Processing chunk_17...
  [FAIL] Failed to create chunk_17_decompiled.c
[59/120] Processing chunk_18...
  [FAIL] Failed to create chunk_18_decompiled.c
[60/120] Processing chunk_19...
  [FAIL] Failed to create chunk_19_decompiled.c
[61/120] Processing chunk_20...
  [FAIL] Failed to create chunk_20_decompiled.c
[62/120] Processing chunk_21...
  [FAIL] Failed to create chunk_21_decompiled.c
[63/120] Processing chunk_22...
  [FAIL] Failed to create chunk_22_decompiled.c
[64/120] Processing chunk_23...
  [FAIL] Failed to create chunk_23_decompiled.c
[65/120] Processing chunk_24...
  [FAIL] Failed to create chunk_24_decompiled.c
[66/120] Processing chunk_25...
  [FAIL] Failed to create chunk_25_decompiled.c
[67/120] Processing chunk_26...
  [FAIL] Failed to create chunk_26_decompiled.c
[68/120] Processing chunk_27...
  [FAIL] Failed to create chunk_27_decompiled.c
[69/120] Processing chunk_28...
  [FAIL] Failed to create chunk_28_decompiled.c
[70/120] Processing chunk_29...
  [FAIL] Failed to create chunk_29_decompiled.c
[71/120] Processing chunk_30...
  [FAIL] Failed to create chunk_30_decompiled.c
[72/120] Processing chunk_31...
  [FAIL] Failed to create chunk_31_decompiled.c
[73/120] Processing chunk_32...
  [FAIL] Failed to create chunk_32_decompiled.c
[74/120] Processing chunk_33...
  [FAIL] Failed to create chunk_33_decompiled.c
[75/120] Processing chunk_34...
  [FAIL] Failed to create chunk_34_decompiled.c
[76/120] Processing chunk_35...
  [FAIL] Failed to create chunk_35_decompiled.c
[77/120] Processing chunk_36...
  [FAIL] Failed to create chunk_36_decompiled.c
[78/120] Processing chunk_37...
  [FAIL] Failed to create chunk_37_decompiled.c
[79/120] Processing chunk_38...
  [FAIL] Failed to create chunk_38_decompiled.c
[80/120] Processing chunk_39...
  [FAIL] Failed to create chunk_39_decompiled.c

=== Decompiling zelres3 chunks ===
[81/120] Processing chunk_00...
  [FAIL] Failed to create chunk_00_decompiled.c
[82/120] Processing chunk_01...
  [FAIL] Failed to create chunk_01_decompiled.c
[83/120] Processing chunk_02...
  [FAIL] Failed to create chunk_02_decompiled.c
[84/120] Processing chunk_03...
  [FAIL] Failed to create chunk_03_decompiled.c
[85/120] Processing chunk_04...
  [FAIL] Failed to create chunk_04_decompiled.c
[86/120] Processing chunk_05...
  [FAIL] Failed to create chunk_05_decompiled.c
[87/120] Processing chunk_06...
  [FAIL] Failed to create chunk_06_decompiled.c
[88/120] Processing chunk_07...
  [FAIL] Failed to create chunk_07_decompiled.c
[89/120] Processing chunk_08...
  [FAIL] Failed to create chunk_08_decompiled.c
[90/120] Processing chunk_09...
  [FAIL] Failed to create chunk_09_decompiled.c
[91/120] Processing chunk_10...
  [FAIL] Failed to create chunk_10_decompiled.c
[92/120] Processing chunk_11...
  [FAIL] Failed to create chunk_11_decompiled.c
[93/120] Processing chunk_12...
  [FAIL] Failed to create chunk_12_decompiled.c
[94/120] Processing chunk_13...
  [FAIL] Failed to create chunk_13_decompiled.c
[95/120] Processing chunk_14...
  [FAIL] Failed to create chunk_14_decompiled.c
[96/120] Processing chunk_15...
  [FAIL] Failed to create chunk_15_decompiled.c
[97/120] Processing chunk_16...
  [FAIL] Failed to create chunk_16_decompiled.c
[98/120] Processing chunk_17...
  [FAIL] Failed to create chunk_17_decompiled.c
[99/120] Processing chunk_18...
  [FAIL] Failed to create chunk_18_decompiled.c
[100/120] Processing chunk_19...
  [FAIL] Failed to create chunk_19_decompiled.c
[101/120] Processing chunk_20...
  [FAIL] Failed to create chunk_20_decompiled.c
[102/120] Processing chunk_21...
  [FAIL] Failed to create chunk_21_decompiled.c
[103/120] Processing chunk_22...
  [FAIL] Failed to create chunk_22_decompiled.c
[104/120] Processing chunk_23...
  [FAIL] Failed to create chunk_23_decompiled.c
[105/120] Processing chunk_24...
  [FAIL] Failed to create chunk_24_decompiled.c
[106/120] Processing chunk_25...
  [FAIL] Failed to create chunk_25_decompiled.c
[107/120] Processing chunk_26...
  [FAIL] Failed to create chunk_26_decompiled.c
[108/120] Processing chunk_27...
  [FAIL] Failed to create chunk_27_decompiled.c
[109/120] Processing chunk_28...
  [FAIL] Failed to create chunk_28_decompiled.c
[110/120] Processing chunk_29...
  [FAIL] Failed to create chunk_29_decompiled.c
[111/120] Processing chunk_30...
  [FAIL] Failed to create chunk_30_decompiled.c
[112/120] Processing chunk_31...
  [FAIL] Failed to create chunk_31_decompiled.c
[113/120] Processing chunk_32...
  [FAIL] Failed to create chunk_32_decompiled.c
[114/120] Processing chunk_33...
  [FAIL] Failed to create chunk_33_decompiled.c
[115/120] Processing chunk_34...
  [FAIL] Failed to create chunk_34_decompiled.c
[116/120] Processing chunk_35...
  [FAIL] Failed to create chunk_35_decompiled.c
[117/120] Processing chunk_36...
  [FAIL] Failed to create chunk_36_decompiled.c
[118/120] Processing chunk_37...
  [FAIL] Failed to create chunk_37_decompiled.c
[119/120] Processing chunk_38...
  [FAIL] Failed to create chunk_38_decompiled.c
[120/120] Processing chunk_39...
  [FAIL] Failed to create chunk_39_decompiled.c

=== Decompilation Complete! ===
Total chunks processed: 120

Generating summary...

Results:
  Files created: 49
  Total lines of C code: 21610
