INFO  Using log config file: jar:file:/C:/Projects/Zeliard/ghidra/Ghidra/Framework/Generic/lib/Generic.jar!/generic.log4j.xml (LoggingInitialization)  
INFO  Using log file: C:\Users\nvenh\AppData\Roaming\ghidra\ghidra_12.0.2_PUBLIC\application.log (LoggingInitialization)  
INFO  Loading user preferences: C:\Users\nvenh\AppData\Roaming\ghidra\ghidra_12.0.2_PUBLIC\preferences (Preferences)  
INFO  Searching for classes... (ClassSearcher)  
INFO  Class search complete (573 ms) (ClassSearcher)  
INFO  Initializing SSL Context (DefaultSSLContextInitializer)  
INFO  Initializing Random Number Generator... (SecureRandomFactory)  
INFO  Random Number Generator initialization complete: SHA1PRNG (SecureRandomFactory)  
INFO  Trust manager disabled, cacerts have not been set (DefaultTrustManagerFactory)  
INFO  Starting cache cleanup: C:\Users\nvenh\AppData\Local\ghidra\fscache2 (FileCacheMaintenanceDaemon)  
INFO  Finished cache cleanup, estimated storage used: 0 (FileCacheMaintenanceDaemon)  
INFO  Headless startup complete (1655 ms) (AnalyzeHeadless)  
INFO  Class searcher loaded 58 extension points (18 false positives) (ClassSearcher)  
INFO  HEADLESS Script Paths:
    C:\Projects\Zeliard\ghidra\Ghidra\Features\PyGhidra\ghidra_scripts
    C:\Projects\Zeliard\ghidra\Ghidra\Features\VersionTracking\ghidra_scripts
    C:\Projects\Zeliard\ghidra\Ghidra\Features\Decompiler\ghidra_scripts
    C:\Projects\Zeliard\ghidra\Ghidra\Features\Jython\ghidra_scripts
    C:\Projects\Zeliard\ghidra\Ghidra\Debug\Debugger\ghidra_scripts
    C:\Projects\Zeliard\ghidra\Ghidra\Features\FileFormats\ghidra_scripts
    C:\Projects\Zeliard\ghidra\Ghidra\Features\DecompilerDependent\ghidra_scripts
    C:\Projects\Zeliard\ghidra\Ghidra\Features\BSim\ghidra_scripts
    C:\Projects\Zeliard\ghidra\Ghidra\Features\GnuDemangler\ghidra_scripts
    C:\Projects\Zeliard\ghidra\Ghidra\Features\WildcardAssembler\ghidra_scripts
    C:\Projects\Zeliard\ghidra\Ghidra\Processors\JVM\ghidra_scripts
    C:\Projects\Zeliard\ghidra\Ghidra\Features\FunctionID\ghidra_scripts
    C:\Projects\Zeliard\ghidra\Ghidra\Features\SwiftDemangler\ghidra_scripts
    C:\Projects\Zeliard\ghidra\Ghidra\Processors\Atmel\ghidra_scripts
    C:\Projects\Zeliard\ghidra\Ghidra\Features\BytePatterns\ghidra_scripts
    C:\Projects\Zeliard\ghidra\Ghidra\Processors\DATA\ghidra_scripts
    C:\Projects\Zeliard\ghidra\Ghidra\Features\SystemEmulation\ghidra_scripts
    C:\Projects\Zeliard\ghidra\Ghidra\Features\Base\ghidra_scripts
    C:\Projects\Zeliard\ghidra\Ghidra\Processors\PIC\ghidra_scripts
    C:\Projects\Zeliard\ghidra\Ghidra\Features\MicrosoftCodeAnalyzer\ghidra_scripts
    C:\Projects\Zeliard\ghidra\Ghidra\Debug\Debugger-rmi-trace\ghidra_scripts
    C:\Projects\Zeliard\ghidra\Ghidra\Processors\8051\ghidra_scripts
    C:\Projects\Zeliard\ghidra\Ghidra\Features\PDB\ghidra_scripts (HeadlessAnalyzer)  
INFO  HEADLESS: execution starts (HeadlessAnalyzer)  
INFO  Opening existing project: c:\Projects\Zeliard\ghidra_projects\ZeliardBin (HeadlessAnalyzer)  
INFO  Opening project: c:\Projects\Zeliard\ghidra_projects\ZeliardBin (HeadlessProject)  
INFO  REPORT: Processing project file: /game.bin (HeadlessAnalyzer)  
INFO  REPORT: Execute script: export_assembly.py  (HeadlessAnalyzer)  
ERROR REPORT SCRIPT ERROR: export_assembly.py : Ghidra was not started with PyGhidra. Python is not available (HeadlessAnalyzer) ghidra.app.script.GhidraScriptLoadException: Ghidra was not started with PyGhidra. Python is not available
	at ghidra.pyghidra.PyGhidraScriptProvider.getScriptInstance(PyGhidraScriptProvider.java:75)
	at ghidra.app.util.headless.HeadlessAnalyzer.runScriptsList(HeadlessAnalyzer.java:924)
	at ghidra.app.util.headless.HeadlessAnalyzer.analyzeProgram(HeadlessAnalyzer.java:1086)
	at ghidra.app.util.headless.HeadlessAnalyzer.processFileNoImport(HeadlessAnalyzer.java:1184)
	at ghidra.app.util.headless.HeadlessAnalyzer.processFolderNoImport(HeadlessAnalyzer.java:1356)
	at ghidra.app.util.headless.HeadlessAnalyzer.processNoImport(HeadlessAnalyzer.java:1385)
	at ghidra.app.util.headless.HeadlessAnalyzer.processLocal(HeadlessAnalyzer.java:459)
	at ghidra.app.util.headless.AnalyzeHeadless.launch(AnalyzeHeadless.java:199)
	at ghidra.GhidraLauncher.launch(GhidraLauncher.java:81)
	at ghidra.Ghidra.main(Ghidra.java:54)
 
INFO  REPORT: Save succeeded for processed file: /game.bin (HeadlessAnalyzer)  
